# JRE version: Java(TM) SE Runtime Environment (13.0.1+9) (build 13.0.1+9)
# Java VM: Java HotSpot(TM) 64-Bit Server VM (13.0.1+9, mixed mode, sharing, tiered, compressed oops, g1 gc, windows-amd64)
Heap:
 garbage-first heap   total 98304K, used 29010K [0x0000000082a00000, 0x0000000100000000)
  region size 1024K, 3 young (3072K), 3 survivors (3072K)
 Metaspace       used 57885K, capacity 59774K, committed 59948K, reserved 1099776K
  class space    used 7986K, capacity 8717K, committed 8832K, reserved 1048576K
GC Heap History (20 events):
Event: 2.393 GC heap after
{Heap after GC invocations=10 (full 0):
 garbage-first heap   total 67584K, used 16837K [0x0000000082a00000, 0x0000000100000000)
  region size 1024K, 2 young (2048K), 2 survivors (2048K)
 Metaspace       used 26592K, capacity 27739K, committed 27904K, reserved 1073152K
  class space    used 3633K, capacity 4056K, committed 4096K, reserved 1048576K
}
Event: 2.523 GC heap before
{Heap before GC invocations=10 (full 0):
 garbage-first heap   total 67584K, used 49605K [0x0000000082a00000, 0x0000000100000000)
  region size 1024K, 35 young (35840K), 2 survivors (2048K)
 Metaspace       used 27566K, capacity 28769K, committed 28928K, reserved 1073152K
  class space    used 3784K, capacity 4257K, committed 4352K, reserved 1048576K
}
Event: 2.525 GC heap after
{Heap after GC invocations=11 (full 0):
 garbage-first heap   total 67584K, used 17066K [0x0000000082a00000, 0x0000000100000000)
  region size 1024K, 3 young (3072K), 3 survivors (3072K)
 Metaspace       used 27566K, capacity 28769K, committed 28928K, reserved 1073152K
  class space    used 3784K, capacity 4257K, committed 4352K, reserved 1048576K
}
Event: 2.877 GC heap before
{Heap before GC invocations=11 (full 0):
 garbage-first heap   total 67584K, used 49834K [0x0000000082a00000, 0x0000000100000000)
  region size 1024K, 36 young (36864K), 3 survivors (3072K)
 Metaspace       used 33306K, capacity 34573K, committed 34688K, reserved 1079296K
  class space    used 4442K, capacity 4930K, committed 4992K, reserved 1048576K
}
Event: 2.880 GC heap after
{Heap after GC invocations=12 (full 0):
 garbage-first heap   total 67584K, used 19535K [0x0000000082a00000, 0x0000000100000000)
  region size 1024K, 5 young (5120K), 5 survivors (5120K)
 Metaspace       used 33306K, capacity 34573K, committed 34688K, reserved 1079296K
  class space    used 4442K, capacity 4930K, committed 4992K, reserved 1048576K
}
Event: 2.958 GC heap before
{Heap before GC invocations=12 (full 0):
 garbage-first heap   total 67584K, used 27727K [0x0000000082a00000, 0x0000000100000000)
  region size 1024K, 14 young (14336K), 5 survivors (5120K)
 Metaspace       used 34294K, capacity 35570K, committed 35840K, reserved 1079296K
  class space    used 4623K, capacity 5092K, committed 5120K, reserved 1048576K
}
Event: 2.962 GC heap after
{Heap after GC invocations=13 (full 0):
 garbage-first heap   total 67584K, used 19768K [0x0000000082a00000, 0x0000000100000000)
  region size 1024K, 3 young (3072K), 3 survivors (3072K)
 Metaspace       used 34294K, capacity 35570K, committed 35840K, reserved 1079296K
  class space    used 4623K, capacity 5092K, committed 5120K, reserved 1048576K
}
Event: 3.253 GC heap before
{Heap before GC invocations=14 (full 0):
 garbage-first heap   total 67584K, used 49464K [0x0000000082a00000, 0x0000000100000000)
  region size 1024K, 32 young (32768K), 3 survivors (3072K)
 Metaspace       used 39400K, capacity 40662K, committed 40704K, reserved 1083392K
  class space    used 5375K, capacity 5850K, committed 5888K, reserved 1048576K
}
Event: 3.256 GC heap after
{Heap after GC invocations=15 (full 0):
 garbage-first heap   total 67584K, used 20818K [0x0000000082a00000, 0x0000000100000000)
  region size 1024K, 2 young (2048K), 2 survivors (2048K)
 Metaspace       used 39400K, capacity 40662K, committed 40704K, reserved 1083392K
  class space    used 5375K, capacity 5850K, committed 5888K, reserved 1048576K
}
Event: 3.487 GC heap before
{Heap before GC invocations=15 (full 0):
 garbage-first heap   total 67584K, used 49490K [0x0000000082a00000, 0x0000000100000000)
  region size 1024K, 30 young (30720K), 2 survivors (2048K)
 Metaspace       used 43122K, capacity 44434K, committed 44672K, reserved 1087488K
  class space    used 5965K, capacity 6485K, committed 6528K, reserved 1048576K
}
Event: 3.491 GC heap after
{Heap after GC invocations=16 (full 0):
 garbage-first heap   total 67584K, used 21524K [0x0000000082a00000, 0x0000000100000000)
  region size 1024K, 3 young (3072K), 3 survivors (3072K)
 Metaspace       used 43122K, capacity 44434K, committed 44672K, reserved 1087488K
  class space    used 5965K, capacity 6485K, committed 6528K, reserved 1048576K
}
Event: 3.772 GC heap before
{Heap before GC invocations=16 (full 0):
 garbage-first heap   total 67584K, used 50196K [0x0000000082a00000, 0x0000000100000000)
  region size 1024K, 31 young (31744K), 3 survivors (3072K)
 Metaspace       used 46195K, capacity 47585K, committed 47744K, reserved 1089536K
  class space    used 6420K, capacity 6933K, committed 7040K, reserved 1048576K
}
Event: 3.776 GC heap after
{Heap after GC invocations=17 (full 0):
 garbage-first heap   total 81920K, used 22749K [0x0000000082a00000, 0x0000000100000000)
  region size 1024K, 4 young (4096K), 4 survivors (4096K)
 Metaspace       used 46195K, capacity 47585K, committed 47744K, reserved 1089536K
  class space    used 6420K, capacity 6933K, committed 7040K, reserved 1048576K
}
Event: 4.015 GC heap before
{Heap before GC invocations=17 (full 0):
 garbage-first heap   total 81920K, used 59613K [0x0000000082a00000, 0x0000000100000000)
  region size 1024K, 40 young (40960K), 4 survivors (4096K)
 Metaspace       used 48804K, capacity 50356K, committed 50432K, reserved 1091584K
  class space    used 6798K, capacity 7388K, committed 7424K, reserved 1048576K
}
Event: 4.019 GC heap after
{Heap after GC invocations=18 (full 0):
 garbage-first heap   total 81920K, used 24037K [0x0000000082a00000, 0x0000000100000000)
  region size 1024K, 4 young (4096K), 4 survivors (4096K)
 Metaspace       used 48804K, capacity 50356K, committed 50432K, reserved 1091584K
  class space    used 6798K, capacity 7388K, committed 7424K, reserved 1048576K
}
Event: 4.410 GC heap before
{Heap before GC invocations=18 (full 0):
 garbage-first heap   total 81920K, used 61925K [0x0000000082a00000, 0x0000000100000000)
  region size 1024K, 41 young (41984K), 4 survivors (4096K)
 Metaspace       used 51397K, capacity 53129K, committed 53248K, reserved 1095680K
  class space    used 7189K, capacity 7864K, committed 7936K, reserved 1048576K
}
Event: 4.416 GC heap after
{Heap after GC invocations=19 (full 0):
 garbage-first heap   total 81920K, used 26927K [0x0000000082a00000, 0x0000000100000000)
  region size 1024K, 6 young (6144K), 6 survivors (6144K)
 Metaspace       used 51397K, capacity 53129K, committed 53248K, reserved 1095680K
  class space    used 7189K, capacity 7864K, committed 7936K, reserved 1048576K
}
Event: 9.889 GC heap before
{Heap before GC invocations=19 (full 0):
 garbage-first heap   total 81920K, used 61743K [0x0000000082a00000, 0x0000000100000000)
  region size 1024K, 41 young (41984K), 6 survivors (6144K)
 Metaspace       used 56337K, capacity 58231K, committed 58496K, reserved 1099776K
  class space    used 7786K, capacity 8527K, committed 8576K, reserved 1048576K
}
Event: 9.897 GC heap after
{Heap after GC invocations=20 (full 0):
 garbage-first heap   total 81920K, used 28359K [0x0000000082a00000, 0x0000000100000000)
  region size 1024K, 5 young (5120K), 5 survivors (5120K)
 Metaspace       used 56337K, capacity 58231K, committed 58496K, reserved 1099776K
  class space    used 7786K, capacity 8527K, committed 8576K, reserved 1048576K
}
Event: 154.086 GC heap before
{Heap before GC invocations=20 (full 0):
 garbage-first heap   total 81920K, used 43719K [0x0000000082a00000, 0x0000000100000000)
  region size 1024K, 21 young (21504K), 5 survivors (5120K)
 Metaspace       used 57885K, capacity 59774K, committed 59948K, reserved 1099776K
  class space    used 7986K, capacity 8717K, committed 8832K, reserved 1048576K
}

